<?xml version="1.0" encoding="UTF-8"?>
<testng-results skipped="0" failed="0" total="1" passed="1">
  <reporter-output>
  </reporter-output>
  <suite name="Default suite" duration-ms="22158" started-at="2016-10-20T09:36:25Z" finished-at="2016-10-20T09:36:47Z">
    <groups>
    </groups>
    <test name="Default test" duration-ms="22158" started-at="2016-10-20T09:36:25Z" finished-at="2016-10-20T09:36:47Z">
      <class name="webtable">
        <test-method status="PASS" signature="setup()[pri:0, instance:webtable@50c87b21]" name="setup" is-config="true" duration-ms="21721" started-at="2016-10-20T15:06:25Z" finished-at="2016-10-20T15:06:46Z">
          <reporter-output>
          </reporter-output>
        </test-method> <!-- setup -->
        <test-method status="PASS" signature="test1()[pri:0, instance:webtable@50c87b21]" name="test1" duration-ms="419" started-at="2016-10-20T15:06:46Z" finished-at="2016-10-20T15:06:47Z">
          <reporter-output>
          </reporter-output>
        </test-method> <!-- test1 -->
        <test-method status="PASS" signature="tearDown()[pri:0, instance:webtable@50c87b21]" name="tearDown" is-config="true" duration-ms="1" started-at="2016-10-20T15:06:47Z" finished-at="2016-10-20T15:06:47Z">
          <reporter-output>
          </reporter-output>
        </test-method> <!-- tearDown -->
      </class> <!-- webtable -->
    </test> <!-- Default test -->
  </suite> <!-- Default suite -->
</testng-results>
